(0000) 3000  0011000000000000 (   7)                 .ORIG x3000
(3000) A225  1010001000100101 (   8)                 LDI   R1 n
(3001) 54A0  0101010010100000 (   9)                 AND   R2 R2 #0
(3002) 14A1  0001010010100001 (  10)                 ADD   R2 R2 #1
(3003) 14BD  0001010010111101 (  11)                 ADD   R2 R2 #-3
(3004) 1442  0001010001000010 (  12)                 ADD   R2 R1 R2
(3005) 0204  0000001000000100 (  13)                 BRP   POS
(3006) 5920  0101100100100000 (  15)                 AND   R4 R4 #0
(3007) 1921  0001100100100001 (  16)                 ADD   R4 R4 #1
(3008) B41E  1011010000011110 (  17)                 STI   R2 Fn
(3009) 0E1B  0000111000011011 (  18)                 BRNZP skip
(300A) 54A0  0101010010100000 (  21) POS             AND   R2 R2 #0
(300B) 14A1  0001010010100001 (  22)                 ADD   R2 R2 #1
(300C) 56E0  0101011011100000 (  23)                 AND   R3 R3 #0
(300D) 16E1  0001011011100001 (  24)                 ADD   R3 R3 #1
(300E) 1A7E  0001101001111110 (  26)                 ADD   R5 R1 #-2
(300F) 1883  0001100010000011 (  28) FAB             ADD   R4 R2 R3
(3010) 14E0  0001010011100000 (  29)                 ADD   R2 R3 #0
(3011) 1720  0001011100100000 (  30)                 ADD   R3 R4 #0
(3012) 1B7F  0001101101111111 (  32)                 ADD   R5 R5 #-1
(3013) 03FB  0000001111111011 (  33)                 BRP   FAB
(3014) B812  1011100000010010 (  34)                 STI   R4 Fn
(3015) 54A0  0101010010100000 (  36)                 AND   R2 R2 #0
(3016) 14A1  0001010010100001 (  37)                 ADD   R2 R2 #1
(3017) 56E0  0101011011100000 (  38)                 AND   R3 R3 #0
(3018) 16E1  0001011011100001 (  39)                 ADD   R3 R3 #1
(3019) 5B60  0101101101100000 (  41)                 AND   R5 R5 #0
(301A) 1B62  0001101101100010 (  42)                 ADD   R5 R5 #2
(301B) 1883  0001100010000011 (  44) FAB2            ADD   R4 R2 R3
(301C) 0804  0000100000000100 (  45)                 BRN   NEG
(301D) 14E0  0001010011100000 (  46)                 ADD   R2 R3 #0
(301E) 1720  0001011100100000 (  47)                 ADD   R3 R4 #0
(301F) 1B61  0001101101100001 (  48)                 ADD   R5 R5 #1
(3020) 03FA  0000001111111010 (  50)                 BRP   FAB2
(3021) 5DA0  0101110110100000 (  51) NEG             AND   R6 R6 #0
(3022) 1D60  0001110101100000 (  52)                 ADD   R6 R5 #0
(3023) BC04  1011110000000100 (  53)                 STI   R6 N
(3024) B604  1011011000000100 (  55)                 STI   R3 FN
(3025) F025  1111000000100101 (  60) skip            TRAP  x25
(3026) 3100  0011000100000000 (  61) n               .FILL x3100
(3027) 3101  0011000100000001 (  62) Fn              .FILL x3101
(3028) 3102  0011000100000010 (  63) N               .FILL x3102
(3029) 3103  0011000100000011 (  64) FN              .FILL x3103
