(0000) 3000  0011000000000000 (   8)                 .ORIG x3000
(3000) A220  1010001000100000 (   9)                 LDI   R1 X
(3001) A420  1010010000100000 (  10)                 LDI   R2 Y
(3002) 98BF  1001100010111111 (  11)                 NOT   R4 R2
(3003) 1921  0001100100100001 (  12)                 ADD   R4 R4 #1
(3004) 1644  0001011001000100 (  13)                 ADD   R3 R1 R4
(3005) B61D  1011011000011101 (  14)                 STI   R3 XMY
(3006) 1860  0001100001100000 (  16)                 ADD   R4 R1 #0
(3007) 0602  0000011000000010 (  17)                 BRZP  ZPX
(3008) 993F  1001100100111111 (  18)                 NOT   R4 R4
(3009) 1921  0001100100100001 (  19)                 ADD   R4 R4 #1
(300A) B819  1011100000011001 (  21) ZPX             STI   R4 ABSX
(300B) 1AA0  0001101010100000 (  23)                 ADD   R5 R2 #0
(300C) 0602  0000011000000010 (  24)                 BRZP  ZPY
(300D) 9B7F  1001101101111111 (  25)                 NOT   R5 R5
(300E) 1B61  0001101101100001 (  26)                 ADD   R5 R5 #1
(300F) BA15  1011101000010101 (  28) ZPY             STI   R5 ABSY
(3010) 9F7F  1001111101111111 (  30)                 NOT   R7 R5
(3011) 1FE1  0001111111100001 (  31)                 ADD   R7 R7 #1
(3012) 1D07  0001110100000111 (  32)                 ADD   R6 R4 R7
(3013) 0202  0000001000000010 (  33)                 BRP   POS
(3014) 0405  0000010000000101 (  34)                 BRZ   ZERO
(3015) 0807  0000100000000111 (  35)                 BRN   NEG
(3016) 5DA0  0101110110100000 (  37) POS             AND   R6 R6 #0
(3017) 1DA1  0001110110100001 (  38)                 ADD   R6 R6 #1
(3018) BC0D  1011110000001101 (  39)                 STI   R6 Z
(3019) F025  1111000000100101 (  40)                 TRAP  x25
(301A) 5DA0  0101110110100000 (  43) ZERO            AND   R6 R6 #0
(301B) BC0A  1011110000001010 (  44)                 STI   R6 Z
(301C) F025  1111000000100101 (  45)                 TRAP  x25
(301D) 5DA0  0101110110100000 (  48) NEG             AND   R6 R6 #0
(301E) 1DA2  0001110110100010 (  49)                 ADD   R6 R6 #2
(301F) BC06  1011110000000110 (  50)                 STI   R6 Z
(3020) F025  1111000000100101 (  51)                 TRAP  x25
(3021) 3120  0011000100100000 (  52) X               .FILL x3120
(3022) 3121  0011000100100001 (  53) Y               .FILL x3121
(3023) 3122  0011000100100010 (  54) XMY             .FILL x3122
(3024) 3123  0011000100100011 (  55) ABSX            .FILL x3123
(3025) 3124  0011000100100100 (  56) ABSY            .FILL x3124
(3026) 3125  0011000100100101 (  57) Z               .FILL x3125
