(0000) 3000  0011000000000000 (   8)                 .ORIG x3000
(3000) 4873  0100100001110011 (   9)                 JSR   MONTH
(3001) B86A  1011100001101010 (  10)                 STI   R4 M
(3002) 4878  0100100001111000 (  11)                 JSR   MULT
(3003) B669  1011011001101001 (  12)                 STI   R3 NEWM
(3004) 4887  0100100010000111 (  13)                 JSR   DIV1
(3005) BA68  1011101001101000 (  14)                 STI   R5 QUOTOFM
(3006) B66C  1011011001101100 (  15)                 STI   R3 R
(3007) 4895  0100100010010101 (  16)                 JSR   DIV2
(3008) BA66  1011101001100110 (  17)                 STI   R5 QUOTOFD
(3009) B669  1011011001101001 (  18)                 STI   R3 R
(300A) 48A3  0100100010100011 (  19)                 JSR   DIV3
(300B) BA64  1011101001100100 (  20)                 STI   R5 QUOTOFC
(300C) B666  1011011001100110 (  21)                 STI   R3 R
(300D) 48B1  0100100010110001 (  22)                 JSR   ZELLERS
(300E) BC62  1011110001100010 (  23)                 STI   R6 F
(300F) 48BE  0100100010111110 (  24)                 JSR   MODULEF
(3010) BA61  1011101001100001 (  25)                 STI   R5 MODF
(3011) B661  1011011001100001 (  26)                 STI   R3 R
(3012) A060  1010000001100000 (  27)                 LDI   R0 R
(3013) 56E0  0101011011100000 (  28)                 AND   R3 R3 #0
(3014) 1620  0001011000100000 (  29)                 ADD   R3 R0 #0
(3015) 5920  0101100100100000 (  30)                 AND   R4 R4 #0
(3016) 18FA  0001100011111010 (  31)                 ADD   R4 R3 #-6
(3017) 0208  0000001000001000 (  32)                 BRP   INVALID
(3018) E008  1110000000001000 (  33)                 LEA   R0 DAYS
(3019) 16E0  0001011011100000 (  34)                 ADD   R3 R3 #0
(301A) 0403  0000010000000011 (  36) DLOOP           BRZ   DISPLAY
(301B) 102A  0001000000101010 (  37)                 ADD   R0 R0 #10
(301C) 16FF  0001011011111111 (  38)                 ADD   R3 R3 #-1
(301D) 0FFC  0000111111111100 (  39)                 BRNZP DLOOP
(301E) F022  1111000000100010 (  41) DISPLAY         TRAP  x22
(301F) E047  1110000001000111 (  42)                 LEA   R0 LF
(3020) F025  1111000000100101 (  43) INVALID         TRAP  x25
(3021) 0053  0000000001010011 (  45) DAYS            .FILL x0053
(3022) 0075  0000000001110101 (  45)                 .FILL x0075
(3023) 006E  0000000001101110 (  45)                 .FILL x006E
(3024) 0064  0000000001100100 (  45)                 .FILL x0064
(3025) 0061  0000000001100001 (  45)                 .FILL x0061
(3026) 0079  0000000001111001 (  45)                 .FILL x0079
(3027) 0020  0000000000100000 (  45)                 .FILL x0020
(3028) 0020  0000000000100000 (  45)                 .FILL x0020
(3029) 0020  0000000000100000 (  45)                 .FILL x0020
(302A) 0000  0000000000000000 (  45)                 .FILL x0000
(302B) 004D  0000000001001101 (  46)                 .FILL x004D
(302C) 006F  0000000001101111 (  46)                 .FILL x006F
(302D) 006E  0000000001101110 (  46)                 .FILL x006E
(302E) 0064  0000000001100100 (  46)                 .FILL x0064
(302F) 0061  0000000001100001 (  46)                 .FILL x0061
(3030) 0079  0000000001111001 (  46)                 .FILL x0079
(3031) 0020  0000000000100000 (  46)                 .FILL x0020
(3032) 0020  0000000000100000 (  46)                 .FILL x0020
(3033) 0020  0000000000100000 (  46)                 .FILL x0020
(3034) 0000  0000000000000000 (  46)                 .FILL x0000
(3035) 0054  0000000001010100 (  47)                 .FILL x0054
(3036) 0075  0000000001110101 (  47)                 .FILL x0075
(3037) 0065  0000000001100101 (  47)                 .FILL x0065
(3038) 0073  0000000001110011 (  47)                 .FILL x0073
(3039) 0064  0000000001100100 (  47)                 .FILL x0064
(303A) 0061  0000000001100001 (  47)                 .FILL x0061
(303B) 0079  0000000001111001 (  47)                 .FILL x0079
(303C) 0020  0000000000100000 (  47)                 .FILL x0020
(303D) 0020  0000000000100000 (  47)                 .FILL x0020
(303E) 0000  0000000000000000 (  47)                 .FILL x0000
(303F) 0057  0000000001010111 (  48)                 .FILL x0057
(3040) 0065  0000000001100101 (  48)                 .FILL x0065
(3041) 0064  0000000001100100 (  48)                 .FILL x0064
(3042) 006E  0000000001101110 (  48)                 .FILL x006E
(3043) 0065  0000000001100101 (  48)                 .FILL x0065
(3044) 0073  0000000001110011 (  48)                 .FILL x0073
(3045) 0064  0000000001100100 (  48)                 .FILL x0064
(3046) 0061  0000000001100001 (  48)                 .FILL x0061
(3047) 0079  0000000001111001 (  48)                 .FILL x0079
(3048) 0000  0000000000000000 (  48)                 .FILL x0000
(3049) 0054  0000000001010100 (  49)                 .FILL x0054
(304A) 0068  0000000001101000 (  49)                 .FILL x0068
(304B) 0075  0000000001110101 (  49)                 .FILL x0075
(304C) 0072  0000000001110010 (  49)                 .FILL x0072
(304D) 0073  0000000001110011 (  49)                 .FILL x0073
(304E) 0064  0000000001100100 (  49)                 .FILL x0064
(304F) 0061  0000000001100001 (  49)                 .FILL x0061
(3050) 0079  0000000001111001 (  49)                 .FILL x0079
(3051) 0020  0000000000100000 (  49)                 .FILL x0020
(3052) 0000  0000000000000000 (  49)                 .FILL x0000
(3053) 0046  0000000001000110 (  50)                 .FILL x0046
(3054) 0072  0000000001110010 (  50)                 .FILL x0072
(3055) 0069  0000000001101001 (  50)                 .FILL x0069
(3056) 0064  0000000001100100 (  50)                 .FILL x0064
(3057) 0061  0000000001100001 (  50)                 .FILL x0061
(3058) 0079  0000000001111001 (  50)                 .FILL x0079
(3059) 0020  0000000000100000 (  50)                 .FILL x0020
(305A) 0020  0000000000100000 (  50)                 .FILL x0020
(305B) 0020  0000000000100000 (  50)                 .FILL x0020
(305C) 0000  0000000000000000 (  50)                 .FILL x0000
(305D) 0053  0000000001010011 (  51)                 .FILL x0053
(305E) 0061  0000000001100001 (  51)                 .FILL x0061
(305F) 0074  0000000001110100 (  51)                 .FILL x0074
(3060) 0075  0000000001110101 (  51)                 .FILL x0075
(3061) 0072  0000000001110010 (  51)                 .FILL x0072
(3062) 0064  0000000001100100 (  51)                 .FILL x0064
(3063) 0061  0000000001100001 (  51)                 .FILL x0061
(3064) 0079  0000000001111001 (  51)                 .FILL x0079
(3065) 0020  0000000000100000 (  51)                 .FILL x0020
(3066) 0000  0000000000000000 (  51)                 .FILL x0000
(3067) 000A  0000000000001010 (  53) LF              .FILL x000A
(3068) 31F0  0011000111110000 (  54) X               .FILL x31F0
(3069) 31F1  0011000111110001 (  55) K               .FILL x31F1
(306A) 31F2  0011000111110010 (  56) C               .FILL x31F2
(306B) 31F3  0011000111110011 (  57) D               .FILL x31F3
(306C) 31F5  0011000111110101 (  59) M               .FILL x31F5
(306D) 31F6  0011000111110110 (  60) NEWM            .FILL x31F6
(306E) 3103  0011000100000011 (  61) QUOTOFM         .FILL x3103
(306F) 3104  0011000100000100 (  62) QUOTOFD         .FILL x3104
(3070) 3105  0011000100000101 (  63) QUOTOFC         .FILL x3105
(3071) 3106  0011000100000110 (  64) F               .FILL x3106
(3072) 3107  0011000100000111 (  65) MODF            .FILL x3107
(3073) 31F4  0011000111110100 (  66) R               .FILL x31F4
(3074) A3F3  1010001111110011 (  68) MONTH           LDI   R1 X
(3075) 1860  0001100001100000 (  69)                 ADD   R4 R1 #0
(3076) 193E  0001100100111110 (  70)                 ADD   R4 R4 #-2
(3077) 0C01  0000110000000001 (  71)                 BRNZ  GETM
(3078) C1C0  1100000111000000 (  72)                 RET   
(3079) 192C  0001100100101100 (  73) GETM            ADD   R4 R4 #12
(307A) C1C0  1100000111000000 (  74)                 RET   
(307B) 3A0E  0011101000001110 (  76) MULT            ST    R5 SaveReg5
(307C) 3C0E  0011110000001110 (  77)                 ST    R6 SaveReg6
(307D) A9EE  1010100111101110 (  78)                 LDI   R4 M
(307E) 993F  1001100100111111 (  79)                 NOT   R4 R4
(307F) 1921  0001100100100001 (  80)                 ADD   R4 R4 #1
(3080) 1D44  0001110101000100 (  82) LOOP            ADD   R6 R5 R4
(3081) 0603  0000011000000011 (  83)                 BRZP  QUIT1
(3082) 1B61  0001101101100001 (  84)                 ADD   R5 R5 #1
(3083) 16ED  0001011011101101 (  85)                 ADD   R3 R3 #13
(3084) 0FFB  0000111111111011 (  86)                 BRNZP LOOP
(3085) 16FF  0001011011111111 (  87) QUIT1           ADD   R3 R3 #-1
(3086) C1C0  1100000111000000 (  88)                 RET   
(3087) 2A02  0010101000000010 (  89)                 LD    R5 SaveReg5
(3088) 2C02  0010110000000010 (  90)                 LD    R6 SaveReg6
(3089) C1C0  1100000111000000 (  91)                 RET   
(308A) 0000  0000000000000000 (  92) SaveReg5        .FILL x0000
(308B) 0000  0000000000000000 (  93) SaveReg6        .FILL x0000
(308C) A1E0  1010000111100000 (  95) DIV1            LDI   R0 NEWM
(308D) 5260  0101001001100000 (  96)                 AND   R1 R1 #0
(308E) 1265  0001001001100101 (  97)                 ADD   R1 R1 #5
(308F) 1020  0001000000100000 (  98)                 ADD   R0 R0 #0
(3090) 040B  0000010000001011 (  99)                 BRZ   QUIT2
(3091) 1620  0001011000100000 ( 100)                 ADD   R3 R0 #0
(3092) 1860  0001100001100000 ( 101)                 ADD   R4 R1 #0
(3093) 993F  1001100100111111 ( 102)                 NOT   R4 R4
(3094) 1921  0001100100100001 ( 103)                 ADD   R4 R4 #1
(3095) 5B60  0101101101100000 ( 104)                 AND   R5 R5 #0
(3096) 1B61  0001101101100001 ( 106) LOOP2           ADD   R5 R5 #1
(3097) 16C4  0001011011000100 ( 107)                 ADD   R3 R3 R4
(3098) 03FD  0000001111111101 ( 108)                 BRP   LOOP2
(3099) 0402  0000010000000010 ( 109)                 BRZ   QUIT2
(309A) 16C1  0001011011000001 ( 110)                 ADD   R3 R3 R1
(309B) 1B7F  0001101101111111 ( 111)                 ADD   R5 R5 #-1
(309C) C1C0  1100000111000000 ( 112) QUIT2           RET   
(309D) A1CD  1010000111001101 ( 114) DIV2            LDI   R0 D
(309E) 5260  0101001001100000 ( 115)                 AND   R1 R1 #0
(309F) 1264  0001001001100100 ( 116)                 ADD   R1 R1 #4
(30A0) 1020  0001000000100000 ( 117)                 ADD   R0 R0 #0
(30A1) 040B  0000010000001011 ( 118)                 BRZ   QUIT3
(30A2) 1620  0001011000100000 ( 119)                 ADD   R3 R0 #0
(30A3) 1860  0001100001100000 ( 120)                 ADD   R4 R1 #0
(30A4) 993F  1001100100111111 ( 121)                 NOT   R4 R4
(30A5) 1921  0001100100100001 ( 122)                 ADD   R4 R4 #1
(30A6) 5B60  0101101101100000 ( 123)                 AND   R5 R5 #0
(30A7) 1B61  0001101101100001 ( 125) LOOP3           ADD   R5 R5 #1
(30A8) 16C4  0001011011000100 ( 126)                 ADD   R3 R3 R4
(30A9) 03FD  0000001111111101 ( 127)                 BRP   LOOP3
(30AA) 0402  0000010000000010 ( 128)                 BRZ   QUIT3
(30AB) 16C1  0001011011000001 ( 129)                 ADD   R3 R3 R1
(30AC) 1B7F  0001101101111111 ( 130)                 ADD   R5 R5 #-1
(30AD) C1C0  1100000111000000 ( 131) QUIT3           RET   
(30AE) A1BB  1010000110111011 ( 133) DIV3            LDI   R0 C
(30AF) 5260  0101001001100000 ( 134)                 AND   R1 R1 #0
(30B0) 1264  0001001001100100 ( 135)                 ADD   R1 R1 #4
(30B1) 1020  0001000000100000 ( 136)                 ADD   R0 R0 #0
(30B2) 040B  0000010000001011 ( 137)                 BRZ   QUIT4
(30B3) 1620  0001011000100000 ( 138)                 ADD   R3 R0 #0
(30B4) 1860  0001100001100000 ( 139)                 ADD   R4 R1 #0
(30B5) 993F  1001100100111111 ( 140)                 NOT   R4 R4
(30B6) 1921  0001100100100001 ( 141)                 ADD   R4 R4 #1
(30B7) 5B60  0101101101100000 ( 142)                 AND   R5 R5 #0
(30B8) 1B61  0001101101100001 ( 144) LOOP4           ADD   R5 R5 #1
(30B9) 16C4  0001011011000100 ( 145)                 ADD   R3 R3 R4
(30BA) 03FD  0000001111111101 ( 146)                 BRP   LOOP4
(30BB) 0402  0000010000000010 ( 147)                 BRZ   QUIT4
(30BC) 16C1  0001011011000001 ( 148)                 ADD   R3 R3 R1
(30BD) 1B7F  0001101101111111 ( 149)                 ADD   R5 R5 #-1
(30BE) C1C0  1100000111000000 ( 151) QUIT4           RET   
(30BF) A1A9  1010000110101001 ( 153) ZELLERS         LDI   R0 K
(30C0) A3AD  1010001110101101 ( 154)                 LDI   R1 QUOTOFM
(30C1) A5A9  1010010110101001 ( 155)                 LDI   R2 D
(30C2) A7AC  1010011110101100 ( 156)                 LDI   R3 QUOTOFD
(30C3) A9AC  1010100110101100 ( 157)                 LDI   R4 QUOTOFC
(30C4) ABA5  1010101110100101 ( 158)                 LDI   R5 C
(30C5) 1B45  0001101101000101 ( 159)                 ADD   R5 R5 R5
(30C6) 9B7F  1001101101111111 ( 160)                 NOT   R5 R5
(30C7) 1B61  0001101101100001 ( 161)                 ADD   R5 R5 #1
(30C8) 1C01  0001110000000001 ( 162)                 ADD   R6 R0 R1
(30C9) 1D82  0001110110000010 ( 163)                 ADD   R6 R6 R2
(30CA) 1D83  0001110110000011 ( 164)                 ADD   R6 R6 R3
(30CB) 1D84  0001110110000100 ( 165)                 ADD   R6 R6 R4
(30CC) 1D85  0001110110000101 ( 166)                 ADD   R6 R6 R5
(30CD) C1C0  1100000111000000 ( 167)                 RET   
(30CE) A1A2  1010000110100010 ( 169) MODULEF         LDI   R0 F
(30CF) 5260  0101001001100000 ( 170)                 AND   R1 R1 #0
(30D0) 1267  0001001001100111 ( 171)                 ADD   R1 R1 #7
(30D1) 1020  0001000000100000 ( 172)                 ADD   R0 R0 #0
(30D2) 040C  0000010000001100 ( 173)                 BRZ   QUIT5
(30D3) 080C  0000100000001100 ( 174)                 BRN   NEGF
(30D4) 1620  0001011000100000 ( 175)                 ADD   R3 R0 #0
(30D5) 1860  0001100001100000 ( 176)                 ADD   R4 R1 #0
(30D6) 993F  1001100100111111 ( 177)                 NOT   R4 R4
(30D7) 1921  0001100100100001 ( 178)                 ADD   R4 R4 #1
(30D8) 5B60  0101101101100000 ( 179)                 AND   R5 R5 #0
(30D9) 1B61  0001101101100001 ( 181) LOOP5           ADD   R5 R5 #1
(30DA) 16C4  0001011011000100 ( 182)                 ADD   R3 R3 R4
(30DB) 03FD  0000001111111101 ( 183)                 BRP   LOOP5
(30DC) 0402  0000010000000010 ( 184)                 BRZ   QUIT5
(30DD) 16C1  0001011011000001 ( 185)                 ADD   R3 R3 R1
(30DE) 1B7F  0001101101111111 ( 186)                 ADD   R5 R5 #-1
(30DF) C1C0  1100000111000000 ( 187) QUIT5           RET   
(30E0) 1620  0001011000100000 ( 189) NEGF            ADD   R3 R0 #0
(30E1) 96FF  1001011011111111 ( 190)                 NOT   R3 R3
(30E2) 16E1  0001011011100001 ( 191)                 ADD   R3 R3 #1
(30E3) 1860  0001100001100000 ( 192)                 ADD   R4 R1 #0
(30E4) 993F  1001100100111111 ( 193)                 NOT   R4 R4
(30E5) 1921  0001100100100001 ( 194)                 ADD   R4 R4 #1
(30E6) 5B60  0101101101100000 ( 195)                 AND   R5 R5 #0
(30E7) 1B61  0001101101100001 ( 197) LOOP6           ADD   R5 R5 #1
(30E8) 16C4  0001011011000100 ( 198)                 ADD   R3 R3 R4
(30E9) 03FD  0000001111111101 ( 199)                 BRP   LOOP6
(30EA) 0403  0000010000000011 ( 200)                 BRZ   QUIT6
(30EB) 96FF  1001011011111111 ( 201)                 NOT   R3 R3
(30EC) 16E1  0001011011100001 ( 202)                 ADD   R3 R3 #1
(30ED) 1B7F  0001101101111111 ( 203)                 ADD   R5 R5 #-1
(30EE) C1C0  1100000111000000 ( 204) QUIT6           RET   
