(0000) 3000  0011000000000000 (   8)                 .ORIG x3000
(3000) 242F  0010010000101111 (   9)                 LD    R2 A
(3001) 262F  0010011000101111 (  10)                 LD    R3 M
(3002) 483A  0100100000111010 (  11)                 JSR   DIV
(3003) 382E  0011100000101110 (  12)                 ST    R4 Q
(3004) 3A2E  0011101000101110 (  13)                 ST    R5 R
(3005) 2629  0010011000101001 (  14) LOOP            LD    R3 X
(3006) 242B  0010010000101011 (  15)                 LD    R2 Q
(3007) 4835  0100100000110101 (  16)                 JSR   DIV
(3008) 382B  0011100000101011 (  17)                 ST    R4 XDIVQ
(3009) 3A2B  0011101000101011 (  18)                 ST    R5 XMODQ
(300A) 2225  0010001000100101 (  19)                 LD    R1 A
(300B) 2429  0010010000101001 (  20)                 LD    R2 XMODQ
(300C) 482B  0100100000101011 (  21)                 JSR   MULT
(300D) 18E0  0001100011100000 (  22)                 ADD   R4 R3 #0
(300E) 2224  0010001000100100 (  23)                 LD    R1 R
(300F) 2424  0010010000100100 (  24)                 LD    R2 XDIVQ
(3010) 4827  0100100000100111 (  25)                 JSR   MULT
(3011) 96FF  1001011011111111 (  26)                 NOT   R3 R3
(3012) 16E1  0001011011100001 (  27)                 ADD   R3 R3 #1
(3013) 1503  0001010100000011 (  28)                 ADD   R2 R4 R3
(3014) 0602  0000011000000010 (  29)                 BRZP  SKIP
(3015) 221B  0010001000011011 (  30)                 LD    R1 M
(3016) 1481  0001010010000001 (  31)                 ADD   R2 R2 R1
(3017) 3417  0011010000010111 (  32) SKIP            ST    R2 X
(3018) 2C1D  0010110000011101 (  34)                 LD    R6 BASE
(3019) 2615  0010011000010101 (  35)                 LD    R3 X
(301A) 54A0  0101010010100000 (  36) STACK           AND   R2 R2 #0
(301B) 14AA  0001010010101010 (  37)                 ADD   R2 R2 #10
(301C) 4820  0100100000100000 (  38)                 JSR   DIV
(301D) 1160  0001000101100000 (  39)                 ADD   R0 R5 #0
(301E) 482C  0100100000101100 (  40)                 JSR   PUSH
(301F) 1720  0001011100100000 (  41)                 ADD   R3 R4 #0
(3020) 03F9  0000001111111001 (  42)                 BRP   STACK
(3021) 482F  0100100000101111 (  43) UNSTACK         JSR   ISEMPTY
(3022) 0204  0000001000000100 (  44)                 BRP   CONT
(3023) 482A  0100100000101010 (  45)                 JSR   POP
(3024) 4835  0100100000110101 (  46)                 JSR   DECODE
(3025) F021  1111000000100001 (  47)                 TRAP  x21
(3026) 0FFA  0000111111111010 (  48)                 BRNZP UNSTACK
(3027) 2006  0010000000000110 (  50) CONT            LD    R0 SPACE
(3028) F021  1111000000100001 (  51)                 TRAP  x21
(3029) 2C0D  0010110000001101 (  52)                 LD    R6 LC
(302A) 1DBF  0001110110111111 (  53)                 ADD   R6 R6 #-1
(302B) 3C0B  0011110000001011 (  54)                 ST    R6 LC
(302C) 07D8  0000011111011000 (  55)                 BRZP  LOOP
(302D) F025  1111000000100101 (  56)                 TRAP  x25
(302E) 000A  0000000000001010 (  57) SPACE           .FILL x000A
(302F) 0064  0000000001100100 (  58) X               .FILL x0064
(3030) 0007  0000000000000111 (  59) A               .FILL x0007
(3031) 7FFF  0111111111111111 (  60) M               .FILL x7FFF
(3032) 0000  0000000000000000 (  61) Q               .FILL x0000
(3033) 0000  0000000000000000 (  62) R               .FILL x0000
(3034) 0000  0000000000000000 (  63) XDIVQ           .FILL x0000
(3035) 0000  0000000000000000 (  64) XMODQ           .FILL x0000
(3036) 4000  0100000000000000 (  65) BASE            .FILL x4000
(3037) 0014  0000000000010100 (  66) LC              .FILL x0014
(3038) 56E0  0101011011100000 (  67) MULT            AND   R3 R3 #0
(3039) 16C1  0001011011000001 (  68) MLOOP           ADD   R3 R3 R1
(303A) 14BF  0001010010111111 (  69)                 ADD   R2 R2 #-1
(303B) 03FD  0000001111111101 (  70)                 BRP   MLOOP
(303C) C1C0  1100000111000000 (  71)                 RET   
(303D) 340B  0011010000001011 (  72) DIV             ST    R2 SAVE1
(303E) 360B  0011011000001011 (  73)                 ST    R3 SAVE2
(303F) 5920  0101100100100000 (  74)                 AND   R4 R4 #0
(3040) 94BF  1001010010111111 (  75)                 NOT   R2 R2
(3041) 14A1  0001010010100001 (  76)                 ADD   R2 R2 #1
(3042) 5B60  0101101101100000 (  77) DLOOP           AND   R5 R5 #0
(3043) 1921  0001100100100001 (  78)                 ADD   R4 R4 #1
(3044) 1AE0  0001101011100000 (  79)                 ADD   R5 R3 #0
(3045) 16C2  0001011011000010 (  80)                 ADD   R3 R3 R2
(3046) 07FB  0000011111111011 (  81)                 BRZP  DLOOP
(3047) 193F  0001100100111111 (  82)                 ADD   R4 R4 #-1
(3048) C1C0  1100000111000000 (  83)                 RET   
(3049) 0000  0000000000000000 (  84) SAVE1           .FILL x0000
(304A) 0000  0000000000000000 (  85) SAVE2           .FILL x0000
(304B) 1DBF  0001110110111111 (  86) PUSH            ADD   R6 R6 #-1
(304C) 7180  0111000110000000 (  87)                 STR   R0 R6 #0
(304D) C1C0  1100000111000000 (  88)                 RET   
(304E) 6180  0110000110000000 (  89) POP             LDR   R0 R6 #0
(304F) 1DA1  0001110110100001 (  90)                 ADD   R6 R6 #1
(3050) C1C0  1100000111000000 (  91)                 RET   
(3051) 2007  0010000000000111 (  92) ISEMPTY         LD    R0 EMPTY
(3052) 1180  0001000110000000 (  93)                 ADD   R0 R6 R0
(3053) 0402  0000010000000010 (  94)                 BRZ   IS
(3054) 1020  0001000000100000 (  95)                 ADD   R0 R0 #0
(3055) C1C0  1100000111000000 (  96)                 RET   
(3056) 5020  0101000000100000 (  97) IS              AND   R0 R0 #0
(3057) 1DA1  0001110110100001 (  98)                 ADD   R6 R6 #1
(3058) C1C0  1100000111000000 (  99)                 RET   
(3059) C000  1100000000000000 ( 100) EMPTY           .FILL xC000
(305A) 102F  0001000000101111 ( 101) DECODE          ADD   R0 R0 #15
(305B) 102F  0001000000101111 ( 102)                 ADD   R0 R0 #15
(305C) 102F  0001000000101111 ( 103)                 ADD   R0 R0 #15
(305D) 1023  0001000000100011 ( 104)                 ADD   R0 R0 #3
(305E) C1C0  1100000111000000 ( 105)                 RET   
